0 info it worked if it ends with ok
1 verbose cli [ '/usr/local/bin/node',
1 verbose cli   '/usr/local/bin/npm',
1 verbose cli   'install',
1 verbose cli   'chart.js',
1 verbose cli   '--save' ]
2 info using npm@4.1.2
3 info using node@v7.6.0
4 silly loadCurrentTree Starting
5 silly install loadCurrentTree
6 silly install readLocalPackageData
7 silly fetchPackageMetaData chart.js
8 silly fetchNamedPackageData chart.js
9 silly mapToRegistry name chart.js
10 silly mapToRegistry using default registry
11 silly mapToRegistry registry https://registry.npmjs.org/
12 silly mapToRegistry data Result {
12 silly mapToRegistry   raw: 'chart.js',
12 silly mapToRegistry   scope: null,
12 silly mapToRegistry   escapedName: 'chart.js',
12 silly mapToRegistry   name: 'chart.js',
12 silly mapToRegistry   rawSpec: '',
12 silly mapToRegistry   spec: 'latest',
12 silly mapToRegistry   type: 'tag' }
13 silly mapToRegistry uri https://registry.npmjs.org/chart.js
14 verbose request uri https://registry.npmjs.org/chart.js
15 verbose request no auth needed
16 info attempt registry request try #1 at 17:49:33
17 verbose request id 23f33b271108a3ce
18 http request GET https://registry.npmjs.org/chart.js
19 http 200 https://registry.npmjs.org/chart.js
20 verbose headers { server: 'nginx/1.10.1',
20 verbose headers   'content-type': 'application/json',
20 verbose headers   'last-modified': 'Fri, 14 Apr 2017 14:00:26 GMT',
20 verbose headers   etag: 'W/"58f0d5fa-bb97"',
20 verbose headers   'content-encoding': 'gzip',
20 verbose headers   'cache-control': 'max-age=300',
20 verbose headers   'content-length': '5687',
20 verbose headers   'accept-ranges': 'bytes',
20 verbose headers   date: 'Sun, 16 Apr 2017 15:49:33 GMT',
20 verbose headers   via: '1.1 varnish',
20 verbose headers   age: '113',
20 verbose headers   connection: 'keep-alive',
20 verbose headers   'x-served-by': 'cache-bma7025-BMA',
20 verbose headers   'x-cache': 'HIT',
20 verbose headers   'x-cache-hits': '1',
20 verbose headers   'x-timer': 'S1492357774.661098,VS0,VE1',
20 verbose headers   vary: 'Accept-Encoding' }
21 silly get cb [ 200,
21 silly get   { server: 'nginx/1.10.1',
21 silly get     'content-type': 'application/json',
21 silly get     'last-modified': 'Fri, 14 Apr 2017 14:00:26 GMT',
21 silly get     etag: 'W/"58f0d5fa-bb97"',
21 silly get     'content-encoding': 'gzip',
21 silly get     'cache-control': 'max-age=300',
21 silly get     'content-length': '5687',
21 silly get     'accept-ranges': 'bytes',
21 silly get     date: 'Sun, 16 Apr 2017 15:49:33 GMT',
21 silly get     via: '1.1 varnish',
21 silly get     age: '113',
21 silly get     connection: 'keep-alive',
21 silly get     'x-served-by': 'cache-bma7025-BMA',
21 silly get     'x-cache': 'HIT',
21 silly get     'x-cache-hits': '1',
21 silly get     'x-timer': 'S1492357774.661098,VS0,VE1',
21 silly get     vary: 'Accept-Encoding' } ]
22 verbose get saving chart.js to /Users/Filip/.npm/registry.npmjs.org/chart.js/.cache.json
23 verbose correctMkdir /Users/Filip/.npm correctMkdir not in flight; initializing
24 silly install normalizeTree
25 silly loadCurrentTree Finishing
26 silly loadIdealTree Starting
27 silly install loadIdealTree
28 silly cloneCurrentTree Starting
29 silly install cloneCurrentTreeToIdealTree
30 silly cloneCurrentTree Finishing
31 silly loadShrinkwrap Starting
32 silly install loadShrinkwrap
33 silly loadShrinkwrap Finishing
34 silly loadAllDepsIntoIdealTree Starting
35 silly install loadAllDepsIntoIdealTree
36 silly resolveWithNewModule chart.js@2.5.0 checking installable status
37 silly cache add args [ 'chart.js', null ]
38 verbose cache add spec chart.js
39 silly cache add parsed spec Result {
39 silly cache add   raw: 'chart.js',
39 silly cache add   scope: null,
39 silly cache add   escapedName: 'chart.js',
39 silly cache add   name: 'chart.js',
39 silly cache add   rawSpec: '',
39 silly cache add   spec: 'latest',
39 silly cache add   type: 'tag' }
40 silly addNamed chart.js@latest
41 verbose addNamed "latest" is being treated as a dist-tag for chart.js
42 info addNameTag [ 'chart.js', 'latest' ]
43 silly mapToRegistry name chart.js
44 silly mapToRegistry using default registry
45 silly mapToRegistry registry https://registry.npmjs.org/
46 silly mapToRegistry data Result {
46 silly mapToRegistry   raw: 'chart.js',
46 silly mapToRegistry   scope: null,
46 silly mapToRegistry   escapedName: 'chart.js',
46 silly mapToRegistry   name: 'chart.js',
46 silly mapToRegistry   rawSpec: '',
46 silly mapToRegistry   spec: 'latest',
46 silly mapToRegistry   type: 'tag' }
47 silly mapToRegistry uri https://registry.npmjs.org/chart.js
48 verbose addNameTag registry:https://registry.npmjs.org/chart.js not in flight; fetching
49 verbose get https://registry.npmjs.org/chart.js not expired, no request
50 silly addNameTag next cb for chart.js with tag latest
51 silly addNamed chart.js@2.5.0
52 verbose addNamed "2.5.0" is a plain semver version for chart.js
53 silly mapToRegistry name chart.js
54 silly mapToRegistry using default registry
55 silly mapToRegistry registry https://registry.npmjs.org/
56 silly mapToRegistry data Result {
56 silly mapToRegistry   raw: 'chart.js',
56 silly mapToRegistry   scope: null,
56 silly mapToRegistry   escapedName: 'chart.js',
56 silly mapToRegistry   name: 'chart.js',
56 silly mapToRegistry   rawSpec: '',
56 silly mapToRegistry   spec: 'latest',
56 silly mapToRegistry   type: 'tag' }
57 silly mapToRegistry uri https://registry.npmjs.org/chart.js
58 verbose addRemoteTarball https://registry.npmjs.org/chart.js/-/chart.js-2.5.0.tgz not in flight; adding
59 verbose addRemoteTarball [ 'https://registry.npmjs.org/chart.js/-/chart.js-2.5.0.tgz',
59 verbose addRemoteTarball   'fe6e751a893769f56e72bee5ad91207e1c592957' ]
60 info retry fetch attempt 1 at 17:49:34
61 info attempt registry request try #1 at 17:49:34
62 http fetch GET https://registry.npmjs.org/chart.js/-/chart.js-2.5.0.tgz
63 http fetch 200 https://registry.npmjs.org/chart.js/-/chart.js-2.5.0.tgz
64 silly fetchAndShaCheck shasum fe6e751a893769f56e72bee5ad91207e1c592957
65 verbose addTmpTarball /var/folders/6n/kv_v3nh50l50kg6yvfm8t8y80000gn/T/npm-856-0c3f1936/registry.npmjs.org/chart.js/-/chart.js-2.5.0.tgz not in flight; adding
66 verbose addTmpTarball already have metadata; skipping unpack for chart.js@2.5.0
67 verbose correctMkdir /Users/Filip/.npm correctMkdir not in flight; initializing
68 silly cache afterAdd chart.js@2.5.0
69 verbose afterAdd /Users/Filip/.npm/chart.js/2.5.0/package/package.json not in flight; writing
70 verbose correctMkdir /Users/Filip/.npm correctMkdir not in flight; initializing
71 verbose afterAdd /Users/Filip/.npm/chart.js/2.5.0/package/package.json written
72 silly fetchNamedPackageData chartjs-color
73 silly mapToRegistry name chartjs-color
74 silly mapToRegistry using default registry
75 silly mapToRegistry registry https://registry.npmjs.org/
76 silly mapToRegistry data Result {
76 silly mapToRegistry   raw: 'chartjs-color',
76 silly mapToRegistry   scope: null,
76 silly mapToRegistry   escapedName: 'chartjs-color',
76 silly mapToRegistry   name: 'chartjs-color',
76 silly mapToRegistry   rawSpec: '',
76 silly mapToRegistry   spec: 'latest',
76 silly mapToRegistry   type: 'tag' }
77 silly mapToRegistry uri https://registry.npmjs.org/chartjs-color
78 silly fetchNamedPackageData moment
79 silly mapToRegistry name moment
80 silly mapToRegistry using default registry
81 silly mapToRegistry registry https://registry.npmjs.org/
82 silly mapToRegistry data Result {
82 silly mapToRegistry   raw: 'moment',
82 silly mapToRegistry   scope: null,
82 silly mapToRegistry   escapedName: 'moment',
82 silly mapToRegistry   name: 'moment',
82 silly mapToRegistry   rawSpec: '',
82 silly mapToRegistry   spec: 'latest',
82 silly mapToRegistry   type: 'tag' }
83 silly mapToRegistry uri https://registry.npmjs.org/moment
84 verbose request uri https://registry.npmjs.org/chartjs-color
85 verbose request no auth needed
86 info attempt registry request try #1 at 17:49:34
87 http request GET https://registry.npmjs.org/chartjs-color
88 verbose request uri https://registry.npmjs.org/moment
89 verbose request no auth needed
90 info attempt registry request try #1 at 17:49:34
91 http request GET https://registry.npmjs.org/moment
92 http 200 https://registry.npmjs.org/chartjs-color
93 verbose headers { server: 'nginx/1.10.1',
93 verbose headers   'content-type': 'application/json',
93 verbose headers   'last-modified': 'Sun, 19 Feb 2017 20:54:55 GMT',
93 verbose headers   etag: 'W/"58aa061f-35e3"',
93 verbose headers   'content-encoding': 'gzip',
93 verbose headers   'cache-control': 'max-age=300',
93 verbose headers   'content-length': '3252',
93 verbose headers   'accept-ranges': 'bytes',
93 verbose headers   date: 'Sun, 16 Apr 2017 15:49:34 GMT',
93 verbose headers   via: '1.1 varnish',
93 verbose headers   age: '111',
93 verbose headers   connection: 'keep-alive',
93 verbose headers   'x-served-by': 'cache-bma7025-BMA',
93 verbose headers   'x-cache': 'HIT',
93 verbose headers   'x-cache-hits': '2',
93 verbose headers   'x-timer': 'S1492357775.965952,VS0,VE0',
93 verbose headers   vary: 'Accept-Encoding' }
94 silly get cb [ 200,
94 silly get   { server: 'nginx/1.10.1',
94 silly get     'content-type': 'application/json',
94 silly get     'last-modified': 'Sun, 19 Feb 2017 20:54:55 GMT',
94 silly get     etag: 'W/"58aa061f-35e3"',
94 silly get     'content-encoding': 'gzip',
94 silly get     'cache-control': 'max-age=300',
94 silly get     'content-length': '3252',
94 silly get     'accept-ranges': 'bytes',
94 silly get     date: 'Sun, 16 Apr 2017 15:49:34 GMT',
94 silly get     via: '1.1 varnish',
94 silly get     age: '111',
94 silly get     connection: 'keep-alive',
94 silly get     'x-served-by': 'cache-bma7025-BMA',
94 silly get     'x-cache': 'HIT',
94 silly get     'x-cache-hits': '2',
94 silly get     'x-timer': 'S1492357775.965952,VS0,VE0',
94 silly get     vary: 'Accept-Encoding' } ]
95 verbose get saving chartjs-color to /Users/Filip/.npm/registry.npmjs.org/chartjs-color/.cache.json
96 verbose correctMkdir /Users/Filip/.npm correctMkdir not in flight; initializing
97 silly pickManifestFromRegistryMetadata spec >=2.0.0 <3.0.0 tag latest versions [ '0.8.2', '1.0.2', '1.0.21', '1.0.22', '2.0.0', '2.1.0' ]
98 silly resolveWithNewModule chartjs-color@2.1.0 checking installable status
99 silly cache add args [ 'chartjs-color@^2.0.0', null ]
100 verbose cache add spec chartjs-color@^2.0.0
101 silly cache add parsed spec Result {
101 silly cache add   raw: 'chartjs-color@^2.0.0',
101 silly cache add   scope: null,
101 silly cache add   escapedName: 'chartjs-color',
101 silly cache add   name: 'chartjs-color',
101 silly cache add   rawSpec: '^2.0.0',
101 silly cache add   spec: '>=2.0.0 <3.0.0',
101 silly cache add   type: 'range' }
102 silly addNamed chartjs-color@>=2.0.0 <3.0.0
103 verbose addNamed ">=2.0.0 <3.0.0" is a valid semver range for chartjs-color
104 silly addNameRange { name: 'chartjs-color',
104 silly addNameRange   range: '>=2.0.0 <3.0.0',
104 silly addNameRange   hasData: false }
105 silly mapToRegistry name chartjs-color
106 silly mapToRegistry using default registry
107 silly mapToRegistry registry https://registry.npmjs.org/
108 silly mapToRegistry data Result {
108 silly mapToRegistry   raw: 'chartjs-color',
108 silly mapToRegistry   scope: null,
108 silly mapToRegistry   escapedName: 'chartjs-color',
108 silly mapToRegistry   name: 'chartjs-color',
108 silly mapToRegistry   rawSpec: '',
108 silly mapToRegistry   spec: 'latest',
108 silly mapToRegistry   type: 'tag' }
109 silly mapToRegistry uri https://registry.npmjs.org/chartjs-color
110 verbose addNameRange registry:https://registry.npmjs.org/chartjs-color not in flight; fetching
111 verbose get https://registry.npmjs.org/chartjs-color not expired, no request
112 silly addNameRange number 2 { name: 'chartjs-color', range: '>=2.0.0 <3.0.0', hasData: true }
113 silly addNameRange versions [ 'chartjs-color',
113 silly addNameRange   [ '0.8.2', '1.0.2', '1.0.21', '1.0.22', '2.0.0', '2.1.0' ] ]
114 silly pickManifestFromRegistryMetadata spec >=2.0.0 <3.0.0 tag latest versions [ '0.8.2', '1.0.2', '1.0.21', '1.0.22', '2.0.0', '2.1.0' ]
115 silly addNamed chartjs-color@latest
116 verbose addNamed "latest" is being treated as a dist-tag for chartjs-color
117 info addNameTag [ 'chartjs-color', 'latest' ]
118 silly mapToRegistry name chartjs-color
119 silly mapToRegistry using default registry
120 silly mapToRegistry registry https://registry.npmjs.org/
121 silly mapToRegistry data Result {
121 silly mapToRegistry   raw: 'chartjs-color',
121 silly mapToRegistry   scope: null,
121 silly mapToRegistry   escapedName: 'chartjs-color',
121 silly mapToRegistry   name: 'chartjs-color',
121 silly mapToRegistry   rawSpec: '',
121 silly mapToRegistry   spec: 'latest',
121 silly mapToRegistry   type: 'tag' }
122 silly mapToRegistry uri https://registry.npmjs.org/chartjs-color
123 verbose addNameTag registry:https://registry.npmjs.org/chartjs-color already in flight; waiting
124 silly addNameTag next cb for chartjs-color with tag latest
125 silly addNamed chartjs-color@2.1.0
126 verbose addNamed "2.1.0" is a plain semver version for chartjs-color
127 silly mapToRegistry name chartjs-color
128 silly mapToRegistry using default registry
129 silly mapToRegistry registry https://registry.npmjs.org/
130 silly mapToRegistry data Result {
130 silly mapToRegistry   raw: 'chartjs-color',
130 silly mapToRegistry   scope: null,
130 silly mapToRegistry   escapedName: 'chartjs-color',
130 silly mapToRegistry   name: 'chartjs-color',
130 silly mapToRegistry   rawSpec: '',
130 silly mapToRegistry   spec: 'latest',
130 silly mapToRegistry   type: 'tag' }
131 silly mapToRegistry uri https://registry.npmjs.org/chartjs-color
132 verbose addRemoteTarball https://registry.npmjs.org/chartjs-color/-/chartjs-color-2.1.0.tgz not in flight; adding
133 verbose addRemoteTarball [ 'https://registry.npmjs.org/chartjs-color/-/chartjs-color-2.1.0.tgz',
133 verbose addRemoteTarball   '9c39ac830ccd98996ae80c9f11086ff12c98a756' ]
134 info retry fetch attempt 1 at 17:49:35
135 info attempt registry request try #1 at 17:49:35
136 http fetch GET https://registry.npmjs.org/chartjs-color/-/chartjs-color-2.1.0.tgz
137 http fetch 200 https://registry.npmjs.org/chartjs-color/-/chartjs-color-2.1.0.tgz
138 silly fetchAndShaCheck shasum 9c39ac830ccd98996ae80c9f11086ff12c98a756
139 verbose addTmpTarball /var/folders/6n/kv_v3nh50l50kg6yvfm8t8y80000gn/T/npm-856-0c3f1936/registry.npmjs.org/chartjs-color/-/chartjs-color-2.1.0.tgz not in flight; adding
140 verbose addTmpTarball already have metadata; skipping unpack for chartjs-color@2.1.0
141 verbose correctMkdir /Users/Filip/.npm correctMkdir not in flight; initializing
142 silly cache afterAdd chartjs-color@2.1.0
143 verbose afterAdd /Users/Filip/.npm/chartjs-color/2.1.0/package/package.json not in flight; writing
144 verbose correctMkdir /Users/Filip/.npm correctMkdir not in flight; initializing
145 verbose afterAdd /Users/Filip/.npm/chartjs-color/2.1.0/package/package.json written
146 http 200 https://registry.npmjs.org/moment
147 verbose headers { server: 'nginx/1.10.1',
147 verbose headers   'content-type': 'application/json',
147 verbose headers   'last-modified': 'Sat, 15 Apr 2017 00:57:00 GMT',
147 verbose headers   etag: 'W/"58f16fdc-1bdf0"',
147 verbose headers   'content-encoding': 'gzip',
147 verbose headers   'cache-control': 'max-age=300',
147 verbose headers   'content-length': '12490',
147 verbose headers   'accept-ranges': 'bytes',
147 verbose headers   date: 'Sun, 16 Apr 2017 15:49:35 GMT',
147 verbose headers   via: '1.1 varnish',
147 verbose headers   age: '199',
147 verbose headers   connection: 'keep-alive',
147 verbose headers   'x-served-by': 'cache-bma7031-BMA',
147 verbose headers   'x-cache': 'HIT',
147 verbose headers   'x-cache-hits': '4',
147 verbose headers   'x-timer': 'S1492357775.062067,VS0,VE0',
147 verbose headers   vary: 'Accept-Encoding' }
148 silly get cb [ 200,
148 silly get   { server: 'nginx/1.10.1',
148 silly get     'content-type': 'application/json',
148 silly get     'last-modified': 'Sat, 15 Apr 2017 00:57:00 GMT',
148 silly get     etag: 'W/"58f16fdc-1bdf0"',
148 silly get     'content-encoding': 'gzip',
148 silly get     'cache-control': 'max-age=300',
148 silly get     'content-length': '12490',
148 silly get     'accept-ranges': 'bytes',
148 silly get     date: 'Sun, 16 Apr 2017 15:49:35 GMT',
148 silly get     via: '1.1 varnish',
148 silly get     age: '199',
148 silly get     connection: 'keep-alive',
148 silly get     'x-served-by': 'cache-bma7031-BMA',
148 silly get     'x-cache': 'HIT',
148 silly get     'x-cache-hits': '4',
148 silly get     'x-timer': 'S1492357775.062067,VS0,VE0',
148 silly get     vary: 'Accept-Encoding' } ]
149 verbose get saving moment to /Users/Filip/.npm/registry.npmjs.org/moment/.cache.json
150 verbose correctMkdir /Users/Filip/.npm correctMkdir not in flight; initializing
151 silly pickManifestFromRegistryMetadata spec >=2.10.6 <3.0.0 tag latest versions [ '1.0.0',
151 silly pickManifestFromRegistryMetadata   '1.0.1',
151 silly pickManifestFromRegistryMetadata   '1.1.0',
151 silly pickManifestFromRegistryMetadata   '1.1.1',
151 silly pickManifestFromRegistryMetadata   '1.2.0',
151 silly pickManifestFromRegistryMetadata   '1.3.0',
151 silly pickManifestFromRegistryMetadata   '1.4.0',
151 silly pickManifestFromRegistryMetadata   '1.5.0',
151 silly pickManifestFromRegistryMetadata   '1.5.1',
151 silly pickManifestFromRegistryMetadata   '1.6.0',
151 silly pickManifestFromRegistryMetadata   '1.6.1',
151 silly pickManifestFromRegistryMetadata   '1.6.2',
151 silly pickManifestFromRegistryMetadata   '1.7.0',
151 silly pickManifestFromRegistryMetadata   '1.7.1',
151 silly pickManifestFromRegistryMetadata   '1.7.2',
151 silly pickManifestFromRegistryMetadata   '2.0.0',
151 silly pickManifestFromRegistryMetadata   '2.1.0',
151 silly pickManifestFromRegistryMetadata   '2.2.1',
151 silly pickManifestFromRegistryMetadata   '2.3.0',
151 silly pickManifestFromRegistryMetadata   '2.3.1',
151 silly pickManifestFromRegistryMetadata   '2.4.0',
151 silly pickManifestFromRegistryMetadata   '2.5.0',
151 silly pickManifestFromRegistryMetadata   '2.5.1',
151 silly pickManifestFromRegistryMetadata   '2.6.0',
151 silly pickManifestFromRegistryMetadata   '2.7.0',
151 silly pickManifestFromRegistryMetadata   '2.8.1',
151 silly pickManifestFromRegistryMetadata   '2.8.2',
151 silly pickManifestFromRegistryMetadata   '2.8.3',
151 silly pickManifestFromRegistryMetadata   '2.8.4',
151 silly pickManifestFromRegistryMetadata   '2.9.0',
151 silly pickManifestFromRegistryMetadata   '2.10.2',
151 silly pickManifestFromRegistryMetadata   '2.10.3',
151 silly pickManifestFromRegistryMetadata   '2.10.5',
151 silly pickManifestFromRegistryMetadata   '2.10.6',
151 silly pickManifestFromRegistryMetadata   '2.11.0',
151 silly pickManifestFromRegistryMetadata   '2.11.1',
151 silly pickManifestFromRegistryMetadata   '2.11.2',
151 silly pickManifestFromRegistryMetadata   '2.12.0',
151 silly pickManifestFromRegistryMetadata   '2.13.0',
151 silly pickManifestFromRegistryMetadata   '2.14.0',
151 silly pickManifestFromRegistryMetadata   '2.14.1',
151 silly pickManifestFromRegistryMetadata   '2.15.0',
151 silly pickManifestFromRegistryMetadata   '2.15.1',
151 silly pickManifestFromRegistryMetadata   '2.15.2',
151 silly pickManifestFromRegistryMetadata   '2.16.0',
151 silly pickManifestFromRegistryMetadata   '2.17.0',
151 silly pickManifestFromRegistryMetadata   '2.17.1',
151 silly pickManifestFromRegistryMetadata   '2.18.0',
151 silly pickManifestFromRegistryMetadata   '2.18.1' ]
152 silly resolveWithNewModule moment@2.18.1 checking installable status
153 silly cache add args [ 'moment@^2.10.6', null ]
154 verbose cache add spec moment@^2.10.6
155 silly cache add parsed spec Result {
155 silly cache add   raw: 'moment@^2.10.6',
155 silly cache add   scope: null,
155 silly cache add   escapedName: 'moment',
155 silly cache add   name: 'moment',
155 silly cache add   rawSpec: '^2.10.6',
155 silly cache add   spec: '>=2.10.6 <3.0.0',
155 silly cache add   type: 'range' }
156 silly addNamed moment@>=2.10.6 <3.0.0
157 verbose addNamed ">=2.10.6 <3.0.0" is a valid semver range for moment
158 silly addNameRange { name: 'moment', range: '>=2.10.6 <3.0.0', hasData: false }
159 silly mapToRegistry name moment
160 silly mapToRegistry using default registry
161 silly mapToRegistry registry https://registry.npmjs.org/
162 silly mapToRegistry data Result {
162 silly mapToRegistry   raw: 'moment',
162 silly mapToRegistry   scope: null,
162 silly mapToRegistry   escapedName: 'moment',
162 silly mapToRegistry   name: 'moment',
162 silly mapToRegistry   rawSpec: '',
162 silly mapToRegistry   spec: 'latest',
162 silly mapToRegistry   type: 'tag' }
163 silly mapToRegistry uri https://registry.npmjs.org/moment
164 verbose addNameRange registry:https://registry.npmjs.org/moment not in flight; fetching
165 verbose get https://registry.npmjs.org/moment not expired, no request
166 silly addNameRange number 2 { name: 'moment', range: '>=2.10.6 <3.0.0', hasData: true }
167 silly addNameRange versions [ 'moment',
167 silly addNameRange   [ '1.0.0',
167 silly addNameRange     '1.0.1',
167 silly addNameRange     '1.1.0',
167 silly addNameRange     '1.1.1',
167 silly addNameRange     '1.2.0',
167 silly addNameRange     '1.3.0',
167 silly addNameRange     '1.4.0',
167 silly addNameRange     '1.5.0',
167 silly addNameRange     '1.5.1',
167 silly addNameRange     '1.6.0',
167 silly addNameRange     '1.6.1',
167 silly addNameRange     '1.6.2',
167 silly addNameRange     '1.7.0',
167 silly addNameRange     '1.7.1',
167 silly addNameRange     '1.7.2',
167 silly addNameRange     '2.0.0',
167 silly addNameRange     '2.1.0',
167 silly addNameRange     '2.2.1',
167 silly addNameRange     '2.3.0',
167 silly addNameRange     '2.3.1',
167 silly addNameRange     '2.4.0',
167 silly addNameRange     '2.5.0',
167 silly addNameRange     '2.5.1',
167 silly addNameRange     '2.6.0',
167 silly addNameRange     '2.7.0',
167 silly addNameRange     '2.8.1',
167 silly addNameRange     '2.8.2',
167 silly addNameRange     '2.8.3',
167 silly addNameRange     '2.8.4',
167 silly addNameRange     '2.9.0',
167 silly addNameRange     '2.10.2',
167 silly addNameRange     '2.10.3',
167 silly addNameRange     '2.10.5',
167 silly addNameRange     '2.10.6',
167 silly addNameRange     '2.11.0',
167 silly addNameRange     '2.11.1',
167 silly addNameRange     '2.11.2',
167 silly addNameRange     '2.12.0',
167 silly addNameRange     '2.13.0',
167 silly addNameRange     '2.14.0',
167 silly addNameRange     '2.14.1',
167 silly addNameRange     '2.15.0',
167 silly addNameRange     '2.15.1',
167 silly addNameRange     '2.15.2',
167 silly addNameRange     '2.16.0',
167 silly addNameRange     '2.17.0',
167 silly addNameRange     '2.17.1',
167 silly addNameRange     '2.18.0',
167 silly addNameRange     '2.18.1' ] ]
168 silly pickManifestFromRegistryMetadata spec >=2.10.6 <3.0.0 tag latest versions [ '1.0.0',
168 silly pickManifestFromRegistryMetadata   '1.0.1',
168 silly pickManifestFromRegistryMetadata   '1.1.0',
168 silly pickManifestFromRegistryMetadata   '1.1.1',
168 silly pickManifestFromRegistryMetadata   '1.2.0',
168 silly pickManifestFromRegistryMetadata   '1.3.0',
168 silly pickManifestFromRegistryMetadata   '1.4.0',
168 silly pickManifestFromRegistryMetadata   '1.5.0',
168 silly pickManifestFromRegistryMetadata   '1.5.1',
168 silly pickManifestFromRegistryMetadata   '1.6.0',
168 silly pickManifestFromRegistryMetadata   '1.6.1',
168 silly pickManifestFromRegistryMetadata   '1.6.2',
168 silly pickManifestFromRegistryMetadata   '1.7.0',
168 silly pickManifestFromRegistryMetadata   '1.7.1',
168 silly pickManifestFromRegistryMetadata   '1.7.2',
168 silly pickManifestFromRegistryMetadata   '2.0.0',
168 silly pickManifestFromRegistryMetadata   '2.1.0',
168 silly pickManifestFromRegistryMetadata   '2.2.1',
168 silly pickManifestFromRegistryMetadata   '2.3.0',
168 silly pickManifestFromRegistryMetadata   '2.3.1',
168 silly pickManifestFromRegistryMetadata   '2.4.0',
168 silly pickManifestFromRegistryMetadata   '2.5.0',
168 silly pickManifestFromRegistryMetadata   '2.5.1',
168 silly pickManifestFromRegistryMetadata   '2.6.0',
168 silly pickManifestFromRegistryMetadata   '2.7.0',
168 silly pickManifestFromRegistryMetadata   '2.8.1',
168 silly pickManifestFromRegistryMetadata   '2.8.2',
168 silly pickManifestFromRegistryMetadata   '2.8.3',
168 silly pickManifestFromRegistryMetadata   '2.8.4',
168 silly pickManifestFromRegistryMetadata   '2.9.0',
168 silly pickManifestFromRegistryMetadata   '2.10.2',
168 silly pickManifestFromRegistryMetadata   '2.10.3',
168 silly pickManifestFromRegistryMetadata   '2.10.5',
168 silly pickManifestFromRegistryMetadata   '2.10.6',
168 silly pickManifestFromRegistryMetadata   '2.11.0',
168 silly pickManifestFromRegistryMetadata   '2.11.1',
168 silly pickManifestFromRegistryMetadata   '2.11.2',
168 silly pickManifestFromRegistryMetadata   '2.12.0',
168 silly pickManifestFromRegistryMetadata   '2.13.0',
168 silly pickManifestFromRegistryMetadata   '2.14.0',
168 silly pickManifestFromRegistryMetadata   '2.14.1',
168 silly pickManifestFromRegistryMetadata   '2.15.0',
168 silly pickManifestFromRegistryMetadata   '2.15.1',
168 silly pickManifestFromRegistryMetadata   '2.15.2',
168 silly pickManifestFromRegistryMetadata   '2.16.0',
168 silly pickManifestFromRegistryMetadata   '2.17.0',
168 silly pickManifestFromRegistryMetadata   '2.17.1',
168 silly pickManifestFromRegistryMetadata   '2.18.0',
168 silly pickManifestFromRegistryMetadata   '2.18.1' ]
169 silly addNamed moment@latest
170 verbose addNamed "latest" is being treated as a dist-tag for moment
171 info addNameTag [ 'moment', 'latest' ]
172 silly mapToRegistry name moment
173 silly mapToRegistry using default registry
174 silly mapToRegistry registry https://registry.npmjs.org/
175 silly mapToRegistry data Result {
175 silly mapToRegistry   raw: 'moment',
175 silly mapToRegistry   scope: null,
175 silly mapToRegistry   escapedName: 'moment',
175 silly mapToRegistry   name: 'moment',
175 silly mapToRegistry   rawSpec: '',
175 silly mapToRegistry   spec: 'latest',
175 silly mapToRegistry   type: 'tag' }
176 silly mapToRegistry uri https://registry.npmjs.org/moment
177 verbose addNameTag registry:https://registry.npmjs.org/moment already in flight; waiting
178 silly addNameTag next cb for moment with tag latest
179 silly addNamed moment@2.18.1
180 verbose addNamed "2.18.1" is a plain semver version for moment
181 silly mapToRegistry name moment
182 silly mapToRegistry using default registry
183 silly mapToRegistry registry https://registry.npmjs.org/
184 silly mapToRegistry data Result {
184 silly mapToRegistry   raw: 'moment',
184 silly mapToRegistry   scope: null,
184 silly mapToRegistry   escapedName: 'moment',
184 silly mapToRegistry   name: 'moment',
184 silly mapToRegistry   rawSpec: '',
184 silly mapToRegistry   spec: 'latest',
184 silly mapToRegistry   type: 'tag' }
185 silly mapToRegistry uri https://registry.npmjs.org/moment
186 verbose addRemoteTarball https://registry.npmjs.org/moment/-/moment-2.18.1.tgz not in flight; adding
187 verbose addRemoteTarball [ 'https://registry.npmjs.org/moment/-/moment-2.18.1.tgz',
187 verbose addRemoteTarball   'c36193dd3ce1c2eed2adb7c802dbbc77a81b1c0f' ]
188 info retry fetch attempt 1 at 17:49:35
189 info attempt registry request try #1 at 17:49:35
190 http fetch GET https://registry.npmjs.org/moment/-/moment-2.18.1.tgz
191 http fetch 200 https://registry.npmjs.org/moment/-/moment-2.18.1.tgz
192 silly fetchAndShaCheck shasum c36193dd3ce1c2eed2adb7c802dbbc77a81b1c0f
193 verbose addTmpTarball /var/folders/6n/kv_v3nh50l50kg6yvfm8t8y80000gn/T/npm-856-0c3f1936/registry.npmjs.org/moment/-/moment-2.18.1.tgz not in flight; adding
194 verbose addTmpTarball already have metadata; skipping unpack for moment@2.18.1
195 verbose correctMkdir /Users/Filip/.npm correctMkdir not in flight; initializing
196 silly cache afterAdd moment@2.18.1
197 verbose afterAdd /Users/Filip/.npm/moment/2.18.1/package/package.json not in flight; writing
198 verbose correctMkdir /Users/Filip/.npm correctMkdir not in flight; initializing
199 verbose afterAdd /Users/Filip/.npm/moment/2.18.1/package/package.json written
200 silly fetchNamedPackageData color-convert
201 silly mapToRegistry name color-convert
202 silly mapToRegistry using default registry
203 silly mapToRegistry registry https://registry.npmjs.org/
204 silly mapToRegistry data Result {
204 silly mapToRegistry   raw: 'color-convert',
204 silly mapToRegistry   scope: null,
204 silly mapToRegistry   escapedName: 'color-convert',
204 silly mapToRegistry   name: 'color-convert',
204 silly mapToRegistry   rawSpec: '',
204 silly mapToRegistry   spec: 'latest',
204 silly mapToRegistry   type: 'tag' }
205 silly mapToRegistry uri https://registry.npmjs.org/color-convert
206 silly fetchNamedPackageData chartjs-color-string
207 silly mapToRegistry name chartjs-color-string
208 silly mapToRegistry using default registry
209 silly mapToRegistry registry https://registry.npmjs.org/
210 silly mapToRegistry data Result {
210 silly mapToRegistry   raw: 'chartjs-color-string',
210 silly mapToRegistry   scope: null,
210 silly mapToRegistry   escapedName: 'chartjs-color-string',
210 silly mapToRegistry   name: 'chartjs-color-string',
210 silly mapToRegistry   rawSpec: '',
210 silly mapToRegistry   spec: 'latest',
210 silly mapToRegistry   type: 'tag' }
211 silly mapToRegistry uri https://registry.npmjs.org/chartjs-color-string
212 verbose request uri https://registry.npmjs.org/color-convert
213 verbose request no auth needed
214 info attempt registry request try #1 at 17:49:36
215 http request GET https://registry.npmjs.org/color-convert
216 verbose request uri https://registry.npmjs.org/chartjs-color-string
217 verbose request no auth needed
218 info attempt registry request try #1 at 17:49:36
219 http request GET https://registry.npmjs.org/chartjs-color-string
220 http 200 https://registry.npmjs.org/chartjs-color-string
221 verbose headers { server: 'nginx/1.10.1',
221 verbose headers   'content-type': 'application/json',
221 verbose headers   'last-modified': 'Fri, 29 Apr 2016 22:39:38 GMT',
221 verbose headers   etag: 'W/"5723e2aa-e07"',
221 verbose headers   'content-encoding': 'gzip',
221 verbose headers   'cache-control': 'max-age=300',
221 verbose headers   'content-length': '1209',
221 verbose headers   'accept-ranges': 'bytes',
221 verbose headers   date: 'Sun, 16 Apr 2017 15:49:36 GMT',
221 verbose headers   via: '1.1 varnish',
221 verbose headers   age: '112',
221 verbose headers   connection: 'keep-alive',
221 verbose headers   'x-served-by': 'cache-bma7025-BMA',
221 verbose headers   'x-cache': 'HIT',
221 verbose headers   'x-cache-hits': '1',
221 verbose headers   'x-timer': 'S1492357776.063154,VS0,VE0',
221 verbose headers   vary: 'Accept-Encoding' }
222 silly get cb [ 200,
222 silly get   { server: 'nginx/1.10.1',
222 silly get     'content-type': 'application/json',
222 silly get     'last-modified': 'Fri, 29 Apr 2016 22:39:38 GMT',
222 silly get     etag: 'W/"5723e2aa-e07"',
222 silly get     'content-encoding': 'gzip',
222 silly get     'cache-control': 'max-age=300',
222 silly get     'content-length': '1209',
222 silly get     'accept-ranges': 'bytes',
222 silly get     date: 'Sun, 16 Apr 2017 15:49:36 GMT',
222 silly get     via: '1.1 varnish',
222 silly get     age: '112',
222 silly get     connection: 'keep-alive',
222 silly get     'x-served-by': 'cache-bma7025-BMA',
222 silly get     'x-cache': 'HIT',
222 silly get     'x-cache-hits': '1',
222 silly get     'x-timer': 'S1492357776.063154,VS0,VE0',
222 silly get     vary: 'Accept-Encoding' } ]
223 verbose get saving chartjs-color-string to /Users/Filip/.npm/registry.npmjs.org/chartjs-color-string/.cache.json
224 verbose correctMkdir /Users/Filip/.npm correctMkdir not in flight; initializing
225 silly pickManifestFromRegistryMetadata spec >=0.4.0 <0.5.0 tag latest versions [ '0.4.0' ]
226 silly resolveWithNewModule chartjs-color-string@0.4.0 checking installable status
227 silly cache add args [ 'chartjs-color-string@^0.4.0', null ]
228 verbose cache add spec chartjs-color-string@^0.4.0
229 silly cache add parsed spec Result {
229 silly cache add   raw: 'chartjs-color-string@^0.4.0',
229 silly cache add   scope: null,
229 silly cache add   escapedName: 'chartjs-color-string',
229 silly cache add   name: 'chartjs-color-string',
229 silly cache add   rawSpec: '^0.4.0',
229 silly cache add   spec: '>=0.4.0 <0.5.0',
229 silly cache add   type: 'range' }
230 silly addNamed chartjs-color-string@>=0.4.0 <0.5.0
231 verbose addNamed ">=0.4.0 <0.5.0" is a valid semver range for chartjs-color-string
232 silly addNameRange { name: 'chartjs-color-string',
232 silly addNameRange   range: '>=0.4.0 <0.5.0',
232 silly addNameRange   hasData: false }
233 silly mapToRegistry name chartjs-color-string
234 silly mapToRegistry using default registry
235 silly mapToRegistry registry https://registry.npmjs.org/
236 silly mapToRegistry data Result {
236 silly mapToRegistry   raw: 'chartjs-color-string',
236 silly mapToRegistry   scope: null,
236 silly mapToRegistry   escapedName: 'chartjs-color-string',
236 silly mapToRegistry   name: 'chartjs-color-string',
236 silly mapToRegistry   rawSpec: '',
236 silly mapToRegistry   spec: 'latest',
236 silly mapToRegistry   type: 'tag' }
237 silly mapToRegistry uri https://registry.npmjs.org/chartjs-color-string
238 verbose addNameRange registry:https://registry.npmjs.org/chartjs-color-string not in flight; fetching
239 verbose get https://registry.npmjs.org/chartjs-color-string not expired, no request
240 silly addNameRange number 2 { name: 'chartjs-color-string',
240 silly addNameRange   range: '>=0.4.0 <0.5.0',
240 silly addNameRange   hasData: true }
241 silly addNameRange versions [ 'chartjs-color-string', [ '0.4.0' ] ]
242 silly pickManifestFromRegistryMetadata spec >=0.4.0 <0.5.0 tag latest versions [ '0.4.0' ]
243 silly addNamed chartjs-color-string@latest
244 verbose addNamed "latest" is being treated as a dist-tag for chartjs-color-string
245 info addNameTag [ 'chartjs-color-string', 'latest' ]
246 silly mapToRegistry name chartjs-color-string
247 silly mapToRegistry using default registry
248 silly mapToRegistry registry https://registry.npmjs.org/
249 silly mapToRegistry data Result {
249 silly mapToRegistry   raw: 'chartjs-color-string',
249 silly mapToRegistry   scope: null,
249 silly mapToRegistry   escapedName: 'chartjs-color-string',
249 silly mapToRegistry   name: 'chartjs-color-string',
249 silly mapToRegistry   rawSpec: '',
249 silly mapToRegistry   spec: 'latest',
249 silly mapToRegistry   type: 'tag' }
250 silly mapToRegistry uri https://registry.npmjs.org/chartjs-color-string
251 verbose addNameTag registry:https://registry.npmjs.org/chartjs-color-string already in flight; waiting
252 silly addNameTag next cb for chartjs-color-string with tag latest
253 silly addNamed chartjs-color-string@0.4.0
254 verbose addNamed "0.4.0" is a plain semver version for chartjs-color-string
255 silly mapToRegistry name chartjs-color-string
256 silly mapToRegistry using default registry
257 silly mapToRegistry registry https://registry.npmjs.org/
258 silly mapToRegistry data Result {
258 silly mapToRegistry   raw: 'chartjs-color-string',
258 silly mapToRegistry   scope: null,
258 silly mapToRegistry   escapedName: 'chartjs-color-string',
258 silly mapToRegistry   name: 'chartjs-color-string',
258 silly mapToRegistry   rawSpec: '',
258 silly mapToRegistry   spec: 'latest',
258 silly mapToRegistry   type: 'tag' }
259 silly mapToRegistry uri https://registry.npmjs.org/chartjs-color-string
260 verbose addRemoteTarball https://registry.npmjs.org/chartjs-color-string/-/chartjs-color-string-0.4.0.tgz not in flight; adding
261 verbose addRemoteTarball [ 'https://registry.npmjs.org/chartjs-color-string/-/chartjs-color-string-0.4.0.tgz',
261 verbose addRemoteTarball   '57748d4530ae28d8db0a5492182ba06dfdf2f468' ]
262 http 200 https://registry.npmjs.org/color-convert
263 verbose headers { server: 'nginx/1.10.1',
263 verbose headers   'content-type': 'application/json',
263 verbose headers   'last-modified': 'Mon, 10 Apr 2017 08:38:52 GMT',
263 verbose headers   etag: 'W/"58eb449c-a0c7"',
263 verbose headers   'content-encoding': 'gzip',
263 verbose headers   'cache-control': 'max-age=300',
263 verbose headers   'content-length': '5663',
263 verbose headers   'accept-ranges': 'bytes',
263 verbose headers   date: 'Sun, 16 Apr 2017 15:49:36 GMT',
263 verbose headers   via: '1.1 varnish',
263 verbose headers   age: '209',
263 verbose headers   connection: 'keep-alive',
263 verbose headers   'x-served-by': 'cache-bma7031-BMA',
263 verbose headers   'x-cache': 'HIT',
263 verbose headers   'x-cache-hits': '2',
263 verbose headers   'x-timer': 'S1492357776.062071,VS0,VE0',
263 verbose headers   vary: 'Accept-Encoding' }
264 silly get cb [ 200,
264 silly get   { server: 'nginx/1.10.1',
264 silly get     'content-type': 'application/json',
264 silly get     'last-modified': 'Mon, 10 Apr 2017 08:38:52 GMT',
264 silly get     etag: 'W/"58eb449c-a0c7"',
264 silly get     'content-encoding': 'gzip',
264 silly get     'cache-control': 'max-age=300',
264 silly get     'content-length': '5663',
264 silly get     'accept-ranges': 'bytes',
264 silly get     date: 'Sun, 16 Apr 2017 15:49:36 GMT',
264 silly get     via: '1.1 varnish',
264 silly get     age: '209',
264 silly get     connection: 'keep-alive',
264 silly get     'x-served-by': 'cache-bma7031-BMA',
264 silly get     'x-cache': 'HIT',
264 silly get     'x-cache-hits': '2',
264 silly get     'x-timer': 'S1492357776.062071,VS0,VE0',
264 silly get     vary: 'Accept-Encoding' } ]
265 verbose get saving color-convert to /Users/Filip/.npm/registry.npmjs.org/color-convert/.cache.json
266 verbose correctMkdir /Users/Filip/.npm correctMkdir not in flight; initializing
267 info retry fetch attempt 1 at 17:49:36
268 info attempt registry request try #1 at 17:49:36
269 http fetch GET https://registry.npmjs.org/chartjs-color-string/-/chartjs-color-string-0.4.0.tgz
270 silly pickManifestFromRegistryMetadata spec >=0.5.3 <0.6.0 tag latest versions [ '0.1.0',
270 silly pickManifestFromRegistryMetadata   '0.2.0',
270 silly pickManifestFromRegistryMetadata   '0.2.1',
270 silly pickManifestFromRegistryMetadata   '0.3.0',
270 silly pickManifestFromRegistryMetadata   '0.3.1',
270 silly pickManifestFromRegistryMetadata   '0.3.4',
270 silly pickManifestFromRegistryMetadata   '0.4.0',
270 silly pickManifestFromRegistryMetadata   '0.5.0',
270 silly pickManifestFromRegistryMetadata   '0.5.1',
270 silly pickManifestFromRegistryMetadata   '0.5.2',
270 silly pickManifestFromRegistryMetadata   '0.5.3',
270 silly pickManifestFromRegistryMetadata   '0.6.0',
270 silly pickManifestFromRegistryMetadata   '0.7.0',
270 silly pickManifestFromRegistryMetadata   '1.0.0',
270 silly pickManifestFromRegistryMetadata   '1.1.0',
270 silly pickManifestFromRegistryMetadata   '1.1.1',
270 silly pickManifestFromRegistryMetadata   '1.1.2',
270 silly pickManifestFromRegistryMetadata   '1.2.0',
270 silly pickManifestFromRegistryMetadata   '1.2.1',
270 silly pickManifestFromRegistryMetadata   '1.2.2',
270 silly pickManifestFromRegistryMetadata   '1.3.0',
270 silly pickManifestFromRegistryMetadata   '1.3.1',
270 silly pickManifestFromRegistryMetadata   '1.4.0',
270 silly pickManifestFromRegistryMetadata   '1.5.0',
270 silly pickManifestFromRegistryMetadata   '1.6.0',
270 silly pickManifestFromRegistryMetadata   '1.7.0',
270 silly pickManifestFromRegistryMetadata   '1.8.0',
270 silly pickManifestFromRegistryMetadata   '1.8.1',
270 silly pickManifestFromRegistryMetadata   '1.8.2',
270 silly pickManifestFromRegistryMetadata   '1.9.0' ]
271 silly resolveWithNewModule color-convert@0.5.3 checking installable status
272 silly cache add args [ 'color-convert@^0.5.3', null ]
273 verbose cache add spec color-convert@^0.5.3
274 silly cache add parsed spec Result {
274 silly cache add   raw: 'color-convert@^0.5.3',
274 silly cache add   scope: null,
274 silly cache add   escapedName: 'color-convert',
274 silly cache add   name: 'color-convert',
274 silly cache add   rawSpec: '^0.5.3',
274 silly cache add   spec: '>=0.5.3 <0.6.0',
274 silly cache add   type: 'range' }
275 silly addNamed color-convert@>=0.5.3 <0.6.0
276 verbose addNamed ">=0.5.3 <0.6.0" is a valid semver range for color-convert
277 silly addNameRange { name: 'color-convert',
277 silly addNameRange   range: '>=0.5.3 <0.6.0',
277 silly addNameRange   hasData: false }
278 silly mapToRegistry name color-convert
279 silly mapToRegistry using default registry
280 silly mapToRegistry registry https://registry.npmjs.org/
281 silly mapToRegistry data Result {
281 silly mapToRegistry   raw: 'color-convert',
281 silly mapToRegistry   scope: null,
281 silly mapToRegistry   escapedName: 'color-convert',
281 silly mapToRegistry   name: 'color-convert',
281 silly mapToRegistry   rawSpec: '',
281 silly mapToRegistry   spec: 'latest',
281 silly mapToRegistry   type: 'tag' }
282 silly mapToRegistry uri https://registry.npmjs.org/color-convert
283 verbose addNameRange registry:https://registry.npmjs.org/color-convert not in flight; fetching
284 verbose get https://registry.npmjs.org/color-convert not expired, no request
285 silly addNameRange number 2 { name: 'color-convert', range: '>=0.5.3 <0.6.0', hasData: true }
286 silly addNameRange versions [ 'color-convert',
286 silly addNameRange   [ '0.1.0',
286 silly addNameRange     '0.2.0',
286 silly addNameRange     '0.2.1',
286 silly addNameRange     '0.3.0',
286 silly addNameRange     '0.3.1',
286 silly addNameRange     '0.3.4',
286 silly addNameRange     '0.4.0',
286 silly addNameRange     '0.5.0',
286 silly addNameRange     '0.5.1',
286 silly addNameRange     '0.5.2',
286 silly addNameRange     '0.5.3',
286 silly addNameRange     '0.6.0',
286 silly addNameRange     '0.7.0',
286 silly addNameRange     '1.0.0',
286 silly addNameRange     '1.1.0',
286 silly addNameRange     '1.1.1',
286 silly addNameRange     '1.1.2',
286 silly addNameRange     '1.2.0',
286 silly addNameRange     '1.2.1',
286 silly addNameRange     '1.2.2',
286 silly addNameRange     '1.3.0',
286 silly addNameRange     '1.3.1',
286 silly addNameRange     '1.4.0',
286 silly addNameRange     '1.5.0',
286 silly addNameRange     '1.6.0',
286 silly addNameRange     '1.7.0',
286 silly addNameRange     '1.8.0',
286 silly addNameRange     '1.8.1',
286 silly addNameRange     '1.8.2',
286 silly addNameRange     '1.9.0' ] ]
287 silly pickManifestFromRegistryMetadata spec >=0.5.3 <0.6.0 tag latest versions [ '0.1.0',
287 silly pickManifestFromRegistryMetadata   '0.2.0',
287 silly pickManifestFromRegistryMetadata   '0.2.1',
287 silly pickManifestFromRegistryMetadata   '0.3.0',
287 silly pickManifestFromRegistryMetadata   '0.3.1',
287 silly pickManifestFromRegistryMetadata   '0.3.4',
287 silly pickManifestFromRegistryMetadata   '0.4.0',
287 silly pickManifestFromRegistryMetadata   '0.5.0',
287 silly pickManifestFromRegistryMetadata   '0.5.1',
287 silly pickManifestFromRegistryMetadata   '0.5.2',
287 silly pickManifestFromRegistryMetadata   '0.5.3',
287 silly pickManifestFromRegistryMetadata   '0.6.0',
287 silly pickManifestFromRegistryMetadata   '0.7.0',
287 silly pickManifestFromRegistryMetadata   '1.0.0',
287 silly pickManifestFromRegistryMetadata   '1.1.0',
287 silly pickManifestFromRegistryMetadata   '1.1.1',
287 silly pickManifestFromRegistryMetadata   '1.1.2',
287 silly pickManifestFromRegistryMetadata   '1.2.0',
287 silly pickManifestFromRegistryMetadata   '1.2.1',
287 silly pickManifestFromRegistryMetadata   '1.2.2',
287 silly pickManifestFromRegistryMetadata   '1.3.0',
287 silly pickManifestFromRegistryMetadata   '1.3.1',
287 silly pickManifestFromRegistryMetadata   '1.4.0',
287 silly pickManifestFromRegistryMetadata   '1.5.0',
287 silly pickManifestFromRegistryMetadata   '1.6.0',
287 silly pickManifestFromRegistryMetadata   '1.7.0',
287 silly pickManifestFromRegistryMetadata   '1.8.0',
287 silly pickManifestFromRegistryMetadata   '1.8.1',
287 silly pickManifestFromRegistryMetadata   '1.8.2',
287 silly pickManifestFromRegistryMetadata   '1.9.0' ]
288 silly addNamed color-convert@0.5.3
289 verbose addNamed "0.5.3" is a plain semver version for color-convert
290 silly mapToRegistry name color-convert
291 silly mapToRegistry using default registry
292 silly mapToRegistry registry https://registry.npmjs.org/
293 silly mapToRegistry data Result {
293 silly mapToRegistry   raw: 'color-convert',
293 silly mapToRegistry   scope: null,
293 silly mapToRegistry   escapedName: 'color-convert',
293 silly mapToRegistry   name: 'color-convert',
293 silly mapToRegistry   rawSpec: '',
293 silly mapToRegistry   spec: 'latest',
293 silly mapToRegistry   type: 'tag' }
294 silly mapToRegistry uri https://registry.npmjs.org/color-convert
295 verbose addRemoteTarball https://registry.npmjs.org/color-convert/-/color-convert-0.5.3.tgz not in flight; adding
296 verbose addRemoteTarball [ 'https://registry.npmjs.org/color-convert/-/color-convert-0.5.3.tgz',
296 verbose addRemoteTarball   'bdb6c69ce660fadffe0b0007cc447e1b9f7282bd' ]
297 info retry fetch attempt 1 at 17:49:36
298 info attempt registry request try #1 at 17:49:36
299 http fetch GET https://registry.npmjs.org/color-convert/-/color-convert-0.5.3.tgz
300 http fetch 200 https://registry.npmjs.org/chartjs-color-string/-/chartjs-color-string-0.4.0.tgz
301 silly fetchAndShaCheck shasum 57748d4530ae28d8db0a5492182ba06dfdf2f468
302 verbose addTmpTarball /var/folders/6n/kv_v3nh50l50kg6yvfm8t8y80000gn/T/npm-856-0c3f1936/registry.npmjs.org/chartjs-color-string/-/chartjs-color-string-0.4.0.tgz not in flight; adding
303 verbose addTmpTarball already have metadata; skipping unpack for chartjs-color-string@0.4.0
304 verbose correctMkdir /Users/Filip/.npm correctMkdir not in flight; initializing
305 silly cache afterAdd chartjs-color-string@0.4.0
306 verbose afterAdd /Users/Filip/.npm/chartjs-color-string/0.4.0/package/package.json not in flight; writing
307 verbose correctMkdir /Users/Filip/.npm correctMkdir not in flight; initializing
308 verbose afterAdd /Users/Filip/.npm/chartjs-color-string/0.4.0/package/package.json written
309 http fetch 200 https://registry.npmjs.org/color-convert/-/color-convert-0.5.3.tgz
310 silly fetchAndShaCheck shasum bdb6c69ce660fadffe0b0007cc447e1b9f7282bd
311 verbose addTmpTarball /var/folders/6n/kv_v3nh50l50kg6yvfm8t8y80000gn/T/npm-856-0c3f1936/registry.npmjs.org/color-convert/-/color-convert-0.5.3.tgz not in flight; adding
312 verbose addTmpTarball already have metadata; skipping unpack for color-convert@0.5.3
313 verbose correctMkdir /Users/Filip/.npm correctMkdir not in flight; initializing
314 silly cache afterAdd color-convert@0.5.3
315 verbose afterAdd /Users/Filip/.npm/color-convert/0.5.3/package/package.json not in flight; writing
316 verbose correctMkdir /Users/Filip/.npm correctMkdir not in flight; initializing
317 verbose afterAdd /Users/Filip/.npm/color-convert/0.5.3/package/package.json written
318 silly fetchNamedPackageData color-name
319 silly mapToRegistry name color-name
320 silly mapToRegistry using default registry
321 silly mapToRegistry registry https://registry.npmjs.org/
322 silly mapToRegistry data Result {
322 silly mapToRegistry   raw: 'color-name',
322 silly mapToRegistry   scope: null,
322 silly mapToRegistry   escapedName: 'color-name',
322 silly mapToRegistry   name: 'color-name',
322 silly mapToRegistry   rawSpec: '',
322 silly mapToRegistry   spec: 'latest',
322 silly mapToRegistry   type: 'tag' }
323 silly mapToRegistry uri https://registry.npmjs.org/color-name
324 verbose request uri https://registry.npmjs.org/color-name
325 verbose request no auth needed
326 info attempt registry request try #1 at 17:49:36
327 http request GET https://registry.npmjs.org/color-name
328 http 200 https://registry.npmjs.org/color-name
329 verbose headers { server: 'nginx/1.10.1',
329 verbose headers   'content-type': 'application/json',
329 verbose headers   'last-modified': 'Tue, 14 Mar 2017 02:54:35 GMT',
329 verbose headers   etag: 'W/"58c75b6b-1f2b"',
329 verbose headers   'content-encoding': 'gzip',
329 verbose headers   'cache-control': 'max-age=300',
329 verbose headers   'content-length': '1562',
329 verbose headers   'accept-ranges': 'bytes',
329 verbose headers   date: 'Sun, 16 Apr 2017 15:49:36 GMT',
329 verbose headers   via: '1.1 varnish',
329 verbose headers   age: '148',
329 verbose headers   connection: 'keep-alive',
329 verbose headers   'x-served-by': 'cache-bma7025-BMA',
329 verbose headers   'x-cache': 'HIT',
329 verbose headers   'x-cache-hits': '2',
329 verbose headers   'x-timer': 'S1492357776.272144,VS0,VE0',
329 verbose headers   vary: 'Accept-Encoding' }
330 silly get cb [ 200,
330 silly get   { server: 'nginx/1.10.1',
330 silly get     'content-type': 'application/json',
330 silly get     'last-modified': 'Tue, 14 Mar 2017 02:54:35 GMT',
330 silly get     etag: 'W/"58c75b6b-1f2b"',
330 silly get     'content-encoding': 'gzip',
330 silly get     'cache-control': 'max-age=300',
330 silly get     'content-length': '1562',
330 silly get     'accept-ranges': 'bytes',
330 silly get     date: 'Sun, 16 Apr 2017 15:49:36 GMT',
330 silly get     via: '1.1 varnish',
330 silly get     age: '148',
330 silly get     connection: 'keep-alive',
330 silly get     'x-served-by': 'cache-bma7025-BMA',
330 silly get     'x-cache': 'HIT',
330 silly get     'x-cache-hits': '2',
330 silly get     'x-timer': 'S1492357776.272144,VS0,VE0',
330 silly get     vary: 'Accept-Encoding' } ]
331 verbose get saving color-name to /Users/Filip/.npm/registry.npmjs.org/color-name/.cache.json
332 verbose correctMkdir /Users/Filip/.npm correctMkdir not in flight; initializing
333 silly pickManifestFromRegistryMetadata spec >=1.0.0 <2.0.0 tag latest versions [ '0.0.1', '0.0.2', '1.0.0', '1.0.1', '1.1.0', '1.1.1', '1.1.2' ]
334 silly resolveWithNewModule color-name@1.1.2 checking installable status
335 silly cache add args [ 'color-name@^1.0.0', null ]
336 verbose cache add spec color-name@^1.0.0
337 silly cache add parsed spec Result {
337 silly cache add   raw: 'color-name@^1.0.0',
337 silly cache add   scope: null,
337 silly cache add   escapedName: 'color-name',
337 silly cache add   name: 'color-name',
337 silly cache add   rawSpec: '^1.0.0',
337 silly cache add   spec: '>=1.0.0 <2.0.0',
337 silly cache add   type: 'range' }
338 silly addNamed color-name@>=1.0.0 <2.0.0
339 verbose addNamed ">=1.0.0 <2.0.0" is a valid semver range for color-name
340 silly addNameRange { name: 'color-name', range: '>=1.0.0 <2.0.0', hasData: false }
341 silly mapToRegistry name color-name
342 silly mapToRegistry using default registry
343 silly mapToRegistry registry https://registry.npmjs.org/
344 silly mapToRegistry data Result {
344 silly mapToRegistry   raw: 'color-name',
344 silly mapToRegistry   scope: null,
344 silly mapToRegistry   escapedName: 'color-name',
344 silly mapToRegistry   name: 'color-name',
344 silly mapToRegistry   rawSpec: '',
344 silly mapToRegistry   spec: 'latest',
344 silly mapToRegistry   type: 'tag' }
345 silly mapToRegistry uri https://registry.npmjs.org/color-name
346 verbose addNameRange registry:https://registry.npmjs.org/color-name not in flight; fetching
347 verbose get https://registry.npmjs.org/color-name not expired, no request
348 silly addNameRange number 2 { name: 'color-name', range: '>=1.0.0 <2.0.0', hasData: true }
349 silly addNameRange versions [ 'color-name',
349 silly addNameRange   [ '0.0.1', '0.0.2', '1.0.0', '1.0.1', '1.1.0', '1.1.1', '1.1.2' ] ]
350 silly pickManifestFromRegistryMetadata spec >=1.0.0 <2.0.0 tag latest versions [ '0.0.1', '0.0.2', '1.0.0', '1.0.1', '1.1.0', '1.1.1', '1.1.2' ]
351 silly addNamed color-name@latest
352 verbose addNamed "latest" is being treated as a dist-tag for color-name
353 info addNameTag [ 'color-name', 'latest' ]
354 silly mapToRegistry name color-name
355 silly mapToRegistry using default registry
356 silly mapToRegistry registry https://registry.npmjs.org/
357 silly mapToRegistry data Result {
357 silly mapToRegistry   raw: 'color-name',
357 silly mapToRegistry   scope: null,
357 silly mapToRegistry   escapedName: 'color-name',
357 silly mapToRegistry   name: 'color-name',
357 silly mapToRegistry   rawSpec: '',
357 silly mapToRegistry   spec: 'latest',
357 silly mapToRegistry   type: 'tag' }
358 silly mapToRegistry uri https://registry.npmjs.org/color-name
359 verbose addNameTag registry:https://registry.npmjs.org/color-name already in flight; waiting
360 silly addNameTag next cb for color-name with tag latest
361 silly addNamed color-name@1.1.2
362 verbose addNamed "1.1.2" is a plain semver version for color-name
363 silly mapToRegistry name color-name
364 silly mapToRegistry using default registry
365 silly mapToRegistry registry https://registry.npmjs.org/
366 silly mapToRegistry data Result {
366 silly mapToRegistry   raw: 'color-name',
366 silly mapToRegistry   scope: null,
366 silly mapToRegistry   escapedName: 'color-name',
366 silly mapToRegistry   name: 'color-name',
366 silly mapToRegistry   rawSpec: '',
366 silly mapToRegistry   spec: 'latest',
366 silly mapToRegistry   type: 'tag' }
367 silly mapToRegistry uri https://registry.npmjs.org/color-name
368 verbose addRemoteTarball https://registry.npmjs.org/color-name/-/color-name-1.1.2.tgz not in flight; adding
369 verbose addRemoteTarball [ 'https://registry.npmjs.org/color-name/-/color-name-1.1.2.tgz',
369 verbose addRemoteTarball   '5c8ab72b64bd2215d617ae9559ebb148475cf98d' ]
370 info retry fetch attempt 1 at 17:49:36
371 info attempt registry request try #1 at 17:49:36
372 http fetch GET https://registry.npmjs.org/color-name/-/color-name-1.1.2.tgz
373 http fetch 200 https://registry.npmjs.org/color-name/-/color-name-1.1.2.tgz
374 silly fetchAndShaCheck shasum 5c8ab72b64bd2215d617ae9559ebb148475cf98d
375 verbose addTmpTarball /var/folders/6n/kv_v3nh50l50kg6yvfm8t8y80000gn/T/npm-856-0c3f1936/registry.npmjs.org/color-name/-/color-name-1.1.2.tgz not in flight; adding
376 verbose addTmpTarball already have metadata; skipping unpack for color-name@1.1.2
377 verbose correctMkdir /Users/Filip/.npm correctMkdir not in flight; initializing
378 silly cache afterAdd color-name@1.1.2
379 verbose afterAdd /Users/Filip/.npm/color-name/1.1.2/package/package.json not in flight; writing
380 verbose correctMkdir /Users/Filip/.npm correctMkdir not in flight; initializing
381 verbose afterAdd /Users/Filip/.npm/color-name/1.1.2/package/package.json written
382 silly loadAllDepsIntoIdealTree Finishing
383 silly loadIdealTree Finishing
384 silly currentTree live
384 silly currentTree  angular@1.5.8
384 silly currentTree  angularjs-slider@5.8.7
384 silly currentTree  express@4.13.4
384 silly currentTree   accepts@1.2.13
384 silly currentTree    mime-types@2.1.11
384 silly currentTree     mime-db@1.23.0
384 silly currentTree    negotiator@0.5.3
384 silly currentTree   array-flatten@1.1.1
384 silly currentTree   content-disposition@0.5.1
384 silly currentTree   content-type@1.0.2
384 silly currentTree   cookie-signature@1.0.6
384 silly currentTree   cookie@0.1.5
384 silly currentTree   debug@2.2.0
384 silly currentTree    ms@0.7.1
384 silly currentTree   depd@1.1.0
384 silly currentTree   escape-html@1.0.3
384 silly currentTree   etag@1.7.0
384 silly currentTree   finalhandler@0.4.1
384 silly currentTree    unpipe@1.0.0
384 silly currentTree   fresh@0.3.0
384 silly currentTree   merge-descriptors@1.0.1
384 silly currentTree   methods@1.1.2
384 silly currentTree   on-finished@2.3.0
384 silly currentTree    ee-first@1.1.1
384 silly currentTree   parseurl@1.3.1
384 silly currentTree   path-to-regexp@0.1.7
384 silly currentTree   proxy-addr@1.0.10
384 silly currentTree    forwarded@0.1.0
384 silly currentTree    ipaddr.js@1.0.5
384 silly currentTree   qs@4.0.0
384 silly currentTree   range-parser@1.0.3
384 silly currentTree   send@0.13.1
384 silly currentTree    destroy@1.0.4
384 silly currentTree    http-errors@1.3.1
384 silly currentTree     inherits@2.0.1
384 silly currentTree    mime@1.3.4
384 silly currentTree    ms@0.7.1
384 silly currentTree    statuses@1.2.1
384 silly currentTree   serve-static@1.10.2
384 silly currentTree   type-is@1.6.13
384 silly currentTree    media-typer@0.3.0
384 silly currentTree    mime-types@2.1.11
384 silly currentTree      mime-db@1.23.0
384 silly currentTree   utils-merge@1.0.0
384 silly currentTree   vary@1.0.1
384 silly currentTree  leaflet-heatmap@1.0.0
384 silly currentTree   heatmap.js@2.0.5
384 silly currentTree  leaflet@1.0.1
384 silly currentTree  pg-promise@5.4.4
384 silly currentTree   manakin@0.4.6
384 silly currentTree   pg-minify@0.3.5
384 silly currentTree   pg@5.1.0
384 silly currentTree    buffer-writer@1.0.1
384 silly currentTree    generic-pool@2.4.2
384 silly currentTree    packet-reader@0.2.0
384 silly currentTree    pg-connection-string@0.1.3
384 silly currentTree    pg-types@1.11.0
384 silly currentTree     ap@0.2.0
384 silly currentTree     postgres-array@1.0.0
384 silly currentTree     postgres-bytea@1.0.0
384 silly currentTree     postgres-date@1.0.3
384 silly currentTree     postgres-interval@1.0.2
384 silly currentTree       xtend@4.0.1
384 silly currentTree    pgpass@0.0.6
384 silly currentTree     split@1.0.0
384 silly currentTree       through@2.3.8
384 silly currentTree    semver@4.3.2
384 silly currentTree   spex@1.1.0
384 silly currentTree  pg@6.1.0
384 silly currentTree   buffer-writer@1.0.1
384 silly currentTree   packet-reader@0.2.0
384 silly currentTree   pg-connection-string@0.1.3
384 silly currentTree   pg-pool@1.5.0
384 silly currentTree    generic-pool@2.4.2
384 silly currentTree    object-assign@4.1.0
384 silly currentTree   pg-types@1.11.0
384 silly currentTree    ap@0.2.0
384 silly currentTree    postgres-array@1.0.0
384 silly currentTree    postgres-bytea@1.0.0
384 silly currentTree    postgres-date@1.0.3
384 silly currentTree    postgres-interval@1.0.2
384 silly currentTree      xtend@4.0.1
384 silly currentTree   pgpass@1.0.1
384 silly currentTree    split@1.0.0
384 silly currentTree      through@2.3.8
384 silly currentTree   semver@4.3.2
384 silly currentTree  promise@7.1.1
384 silly currentTree   asap@2.0.5
384 silly currentTree  request@2.75.0
384 silly currentTree   aws-sign2@0.6.0
384 silly currentTree   aws4@1.4.1
384 silly currentTree   bl@1.1.2
384 silly currentTree    readable-stream@2.0.6
384 silly currentTree      core-util-is@1.0.2
384 silly currentTree      inherits@2.0.3
384 silly currentTree      isarray@1.0.0
384 silly currentTree      process-nextick-args@1.0.7
384 silly currentTree      string_decoder@0.10.31
384 silly currentTree      util-deprecate@1.0.2
384 silly currentTree   caseless@0.11.0
384 silly currentTree   combined-stream@1.0.5
384 silly currentTree    delayed-stream@1.0.0
384 silly currentTree   extend@3.0.0
384 silly currentTree   forever-agent@0.6.1
384 silly currentTree   form-data@2.0.0
384 silly currentTree    asynckit@0.4.0
384 silly currentTree   har-validator@2.0.6
384 silly currentTree    chalk@1.1.3
384 silly currentTree     ansi-styles@2.2.1
384 silly currentTree     escape-string-regexp@1.0.5
384 silly currentTree     has-ansi@2.0.0
384 silly currentTree      ansi-regex@2.0.0
384 silly currentTree     strip-ansi@3.0.1
384 silly currentTree      ansi-regex@2.0.0
384 silly currentTree     supports-color@2.0.0
384 silly currentTree    commander@2.9.0
384 silly currentTree     graceful-readlink@1.0.1
384 silly currentTree    is-my-json-valid@2.14.0
384 silly currentTree     generate-function@2.0.0
384 silly currentTree     generate-object-property@1.2.0
384 silly currentTree      is-property@1.0.2
384 silly currentTree     jsonpointer@2.0.0
384 silly currentTree     xtend@4.0.1
384 silly currentTree    pinkie-promise@2.0.1
384 silly currentTree      pinkie@2.0.4
384 silly currentTree   hawk@3.1.3
384 silly currentTree    boom@2.10.1
384 silly currentTree    cryptiles@2.0.5
384 silly currentTree    hoek@2.16.3
384 silly currentTree    sntp@1.0.9
384 silly currentTree   http-signature@1.1.1
384 silly currentTree    assert-plus@0.2.0
384 silly currentTree    jsprim@1.3.1
384 silly currentTree     extsprintf@1.0.2
384 silly currentTree     json-schema@0.2.3
384 silly currentTree     verror@1.3.6
384 silly currentTree    sshpk@1.10.0
384 silly currentTree      asn1@0.2.3
384 silly currentTree      assert-plus@1.0.0
384 silly currentTree      bcrypt-pbkdf@1.0.0
384 silly currentTree       tweetnacl@0.14.3
384 silly currentTree      dashdash@1.14.0
384 silly currentTree      ecc-jsbn@0.1.1
384 silly currentTree      getpass@0.1.6
384 silly currentTree      jodid25519@1.0.2
384 silly currentTree      jsbn@0.1.0
384 silly currentTree      tweetnacl@0.13.3
384 silly currentTree   is-typedarray@1.0.0
384 silly currentTree   isstream@0.1.2
384 silly currentTree   json-stringify-safe@5.0.1
384 silly currentTree   mime-types@2.1.12
384 silly currentTree    mime-db@1.24.0
384 silly currentTree   node-uuid@1.4.7
384 silly currentTree   oauth-sign@0.8.2
384 silly currentTree   qs@6.2.1
384 silly currentTree   stringstream@0.0.5
384 silly currentTree   tough-cookie@2.3.1
384 silly currentTree   tunnel-agent@0.4.3
384 silly currentTree  simple-oauth2@0.5.1
384 silly currentTree    bluebird@2.10.2
384 silly currentTree    date-utils@1.2.21
384 silly currentTree    request@2.67.0
384 silly currentTree      aws-sign2@0.6.0
384 silly currentTree      bl@1.0.3
384 silly currentTree       readable-stream@2.0.6
384 silly currentTree         core-util-is@1.0.2
384 silly currentTree         inherits@2.0.1
384 silly currentTree         isarray@1.0.0
384 silly currentTree         process-nextick-args@1.0.7
384 silly currentTree         string_decoder@0.10.31
384 silly currentTree         util-deprecate@1.0.2
384 silly currentTree      caseless@0.11.0
384 silly currentTree      combined-stream@1.0.5
384 silly currentTree       delayed-stream@1.0.0
384 silly currentTree      extend@3.0.0
384 silly currentTree      forever-agent@0.6.1
384 silly currentTree      form-data@1.0.0-rc4
384 silly currentTree       async@1.5.2
384 silly currentTree      har-validator@2.0.6
384 silly currentTree       chalk@1.1.3
384 silly currentTree        ansi-styles@2.2.1
384 silly currentTree        escape-string-regexp@1.0.5
384 silly currentTree        has-ansi@2.0.0
384 silly currentTree         ansi-regex@2.0.0
384 silly currentTree        strip-ansi@3.0.1
384 silly currentTree         ansi-regex@2.0.0
384 silly currentTree        supports-color@2.0.0
384 silly currentTree       commander@2.9.0
384 silly currentTree        graceful-readlink@1.0.1
384 silly currentTree       is-my-json-valid@2.13.1
384 silly currentTree        generate-function@2.0.0
384 silly currentTree        generate-object-property@1.2.0
384 silly currentTree         is-property@1.0.2
384 silly currentTree        jsonpointer@2.0.0
384 silly currentTree        xtend@4.0.1
384 silly currentTree       pinkie-promise@2.0.1
384 silly currentTree         pinkie@2.0.4
384 silly currentTree      hawk@3.1.3
384 silly currentTree       boom@2.10.1
384 silly currentTree       cryptiles@2.0.5
384 silly currentTree       hoek@2.16.3
384 silly currentTree       sntp@1.0.9
384 silly currentTree      http-signature@1.1.1
384 silly currentTree       assert-plus@0.2.0
384 silly currentTree       jsprim@1.2.2
384 silly currentTree        extsprintf@1.0.2
384 silly currentTree        json-schema@0.2.2
384 silly currentTree        verror@1.3.6
384 silly currentTree       sshpk@1.8.3
384 silly currentTree         asn1@0.2.3
384 silly currentTree         assert-plus@1.0.0
384 silly currentTree         dashdash@1.13.1
384 silly currentTree         ecc-jsbn@0.1.1
384 silly currentTree         getpass@0.1.6
384 silly currentTree         jodid25519@1.0.2
384 silly currentTree         jsbn@0.1.0
384 silly currentTree         tweetnacl@0.13.3
384 silly currentTree      is-typedarray@1.0.0
384 silly currentTree      isstream@0.1.2
384 silly currentTree      json-stringify-safe@5.0.1
384 silly currentTree      mime-types@2.1.11
384 silly currentTree       mime-db@1.23.0
384 silly currentTree      node-uuid@1.4.7
384 silly currentTree      oauth-sign@0.8.2
384 silly currentTree      qs@5.2.0
384 silly currentTree      stringstream@0.0.5
384 silly currentTree      tough-cookie@2.2.2
384 silly currentTree      tunnel-agent@0.4.3
385 silly idealTree live
385 silly idealTree  angular@1.5.8
385 silly idealTree  angularjs-slider@5.8.7
385 silly idealTree  chart.js@2.5.0
385 silly idealTree  chartjs-color-string@0.4.0
385 silly idealTree  chartjs-color@2.1.0
385 silly idealTree  color-convert@0.5.3
385 silly idealTree  color-name@1.1.2
385 silly idealTree  express@4.13.4
385 silly idealTree   accepts@1.2.13
385 silly idealTree    mime-types@2.1.11
385 silly idealTree     mime-db@1.23.0
385 silly idealTree    negotiator@0.5.3
385 silly idealTree   array-flatten@1.1.1
385 silly idealTree   content-disposition@0.5.1
385 silly idealTree   content-type@1.0.2
385 silly idealTree   cookie-signature@1.0.6
385 silly idealTree   cookie@0.1.5
385 silly idealTree   debug@2.2.0
385 silly idealTree    ms@0.7.1
385 silly idealTree   depd@1.1.0
385 silly idealTree   escape-html@1.0.3
385 silly idealTree   etag@1.7.0
385 silly idealTree   finalhandler@0.4.1
385 silly idealTree    unpipe@1.0.0
385 silly idealTree   fresh@0.3.0
385 silly idealTree   merge-descriptors@1.0.1
385 silly idealTree   methods@1.1.2
385 silly idealTree   on-finished@2.3.0
385 silly idealTree    ee-first@1.1.1
385 silly idealTree   parseurl@1.3.1
385 silly idealTree   path-to-regexp@0.1.7
385 silly idealTree   proxy-addr@1.0.10
385 silly idealTree    forwarded@0.1.0
385 silly idealTree    ipaddr.js@1.0.5
385 silly idealTree   qs@4.0.0
385 silly idealTree   range-parser@1.0.3
385 silly idealTree   send@0.13.1
385 silly idealTree    destroy@1.0.4
385 silly idealTree    http-errors@1.3.1
385 silly idealTree     inherits@2.0.1
385 silly idealTree    mime@1.3.4
385 silly idealTree    ms@0.7.1
385 silly idealTree    statuses@1.2.1
385 silly idealTree   serve-static@1.10.2
385 silly idealTree   type-is@1.6.13
385 silly idealTree    media-typer@0.3.0
385 silly idealTree    mime-types@2.1.11
385 silly idealTree      mime-db@1.23.0
385 silly idealTree   utils-merge@1.0.0
385 silly idealTree   vary@1.0.1
385 silly idealTree  leaflet-heatmap@1.0.0
385 silly idealTree   heatmap.js@2.0.5
385 silly idealTree  leaflet@1.0.1
385 silly idealTree  moment@2.18.1
385 silly idealTree  pg-promise@5.4.4
385 silly idealTree   manakin@0.4.6
385 silly idealTree   pg-minify@0.3.5
385 silly idealTree   pg@5.1.0
385 silly idealTree    buffer-writer@1.0.1
385 silly idealTree    generic-pool@2.4.2
385 silly idealTree    packet-reader@0.2.0
385 silly idealTree    pg-connection-string@0.1.3
385 silly idealTree    pg-types@1.11.0
385 silly idealTree     ap@0.2.0
385 silly idealTree     postgres-array@1.0.0
385 silly idealTree     postgres-bytea@1.0.0
385 silly idealTree     postgres-date@1.0.3
385 silly idealTree     postgres-interval@1.0.2
385 silly idealTree       xtend@4.0.1
385 silly idealTree    pgpass@0.0.6
385 silly idealTree     split@1.0.0
385 silly idealTree       through@2.3.8
385 silly idealTree    semver@4.3.2
385 silly idealTree   spex@1.1.0
385 silly idealTree  pg@6.1.0
385 silly idealTree   buffer-writer@1.0.1
385 silly idealTree   packet-reader@0.2.0
385 silly idealTree   pg-connection-string@0.1.3
385 silly idealTree   pg-pool@1.5.0
385 silly idealTree    generic-pool@2.4.2
385 silly idealTree    object-assign@4.1.0
385 silly idealTree   pg-types@1.11.0
385 silly idealTree    ap@0.2.0
385 silly idealTree    postgres-array@1.0.0
385 silly idealTree    postgres-bytea@1.0.0
385 silly idealTree    postgres-date@1.0.3
385 silly idealTree    postgres-interval@1.0.2
385 silly idealTree      xtend@4.0.1
385 silly idealTree   pgpass@1.0.1
385 silly idealTree    split@1.0.0
385 silly idealTree      through@2.3.8
385 silly idealTree   semver@4.3.2
385 silly idealTree  promise@7.1.1
385 silly idealTree   asap@2.0.5
385 silly idealTree  request@2.75.0
385 silly idealTree   aws-sign2@0.6.0
385 silly idealTree   aws4@1.4.1
385 silly idealTree   bl@1.1.2
385 silly idealTree    readable-stream@2.0.6
385 silly idealTree      core-util-is@1.0.2
385 silly idealTree      inherits@2.0.3
385 silly idealTree      isarray@1.0.0
385 silly idealTree      process-nextick-args@1.0.7
385 silly idealTree      string_decoder@0.10.31
385 silly idealTree      util-deprecate@1.0.2
385 silly idealTree   caseless@0.11.0
385 silly idealTree   combined-stream@1.0.5
385 silly idealTree    delayed-stream@1.0.0
385 silly idealTree   extend@3.0.0
385 silly idealTree   forever-agent@0.6.1
385 silly idealTree   form-data@2.0.0
385 silly idealTree    asynckit@0.4.0
385 silly idealTree   har-validator@2.0.6
385 silly idealTree    chalk@1.1.3
385 silly idealTree     ansi-styles@2.2.1
385 silly idealTree     escape-string-regexp@1.0.5
385 silly idealTree     has-ansi@2.0.0
385 silly idealTree      ansi-regex@2.0.0
385 silly idealTree     strip-ansi@3.0.1
385 silly idealTree      ansi-regex@2.0.0
385 silly idealTree     supports-color@2.0.0
385 silly idealTree    commander@2.9.0
385 silly idealTree     graceful-readlink@1.0.1
385 silly idealTree    is-my-json-valid@2.14.0
385 silly idealTree     generate-function@2.0.0
385 silly idealTree     generate-object-property@1.2.0
385 silly idealTree      is-property@1.0.2
385 silly idealTree     jsonpointer@2.0.0
385 silly idealTree     xtend@4.0.1
385 silly idealTree    pinkie-promise@2.0.1
385 silly idealTree      pinkie@2.0.4
385 silly idealTree   hawk@3.1.3
385 silly idealTree    boom@2.10.1
385 silly idealTree    cryptiles@2.0.5
385 silly idealTree    hoek@2.16.3
385 silly idealTree    sntp@1.0.9
385 silly idealTree   http-signature@1.1.1
385 silly idealTree    assert-plus@0.2.0
385 silly idealTree    jsprim@1.3.1
385 silly idealTree     extsprintf@1.0.2
385 silly idealTree     json-schema@0.2.3
385 silly idealTree     verror@1.3.6
385 silly idealTree    sshpk@1.10.0
385 silly idealTree      asn1@0.2.3
385 silly idealTree      assert-plus@1.0.0
385 silly idealTree      bcrypt-pbkdf@1.0.0
385 silly idealTree       tweetnacl@0.14.3
385 silly idealTree      dashdash@1.14.0
385 silly idealTree      ecc-jsbn@0.1.1
385 silly idealTree      getpass@0.1.6
385 silly idealTree      jodid25519@1.0.2
385 silly idealTree      jsbn@0.1.0
385 silly idealTree      tweetnacl@0.13.3
385 silly idealTree   is-typedarray@1.0.0
385 silly idealTree   isstream@0.1.2
385 silly idealTree   json-stringify-safe@5.0.1
385 silly idealTree   mime-types@2.1.12
385 silly idealTree    mime-db@1.24.0
385 silly idealTree   node-uuid@1.4.7
385 silly idealTree   oauth-sign@0.8.2
385 silly idealTree   qs@6.2.1
385 silly idealTree   stringstream@0.0.5
385 silly idealTree   tough-cookie@2.3.1
385 silly idealTree   tunnel-agent@0.4.3
385 silly idealTree  simple-oauth2@0.5.1
385 silly idealTree    bluebird@2.10.2
385 silly idealTree    date-utils@1.2.21
385 silly idealTree    request@2.67.0
385 silly idealTree      aws-sign2@0.6.0
385 silly idealTree      bl@1.0.3
385 silly idealTree       readable-stream@2.0.6
385 silly idealTree         core-util-is@1.0.2
385 silly idealTree         inherits@2.0.1
385 silly idealTree         isarray@1.0.0
385 silly idealTree         process-nextick-args@1.0.7
385 silly idealTree         string_decoder@0.10.31
385 silly idealTree         util-deprecate@1.0.2
385 silly idealTree      caseless@0.11.0
385 silly idealTree      combined-stream@1.0.5
385 silly idealTree       delayed-stream@1.0.0
385 silly idealTree      extend@3.0.0
385 silly idealTree      forever-agent@0.6.1
385 silly idealTree      form-data@1.0.0-rc4
385 silly idealTree       async@1.5.2
385 silly idealTree      har-validator@2.0.6
385 silly idealTree       chalk@1.1.3
385 silly idealTree        ansi-styles@2.2.1
385 silly idealTree        escape-string-regexp@1.0.5
385 silly idealTree        has-ansi@2.0.0
385 silly idealTree         ansi-regex@2.0.0
385 silly idealTree        strip-ansi@3.0.1
385 silly idealTree         ansi-regex@2.0.0
385 silly idealTree        supports-color@2.0.0
385 silly idealTree       commander@2.9.0
385 silly idealTree        graceful-readlink@1.0.1
385 silly idealTree       is-my-json-valid@2.13.1
385 silly idealTree        generate-function@2.0.0
385 silly idealTree        generate-object-property@1.2.0
385 silly idealTree         is-property@1.0.2
385 silly idealTree        jsonpointer@2.0.0
385 silly idealTree        xtend@4.0.1
385 silly idealTree       pinkie-promise@2.0.1
385 silly idealTree         pinkie@2.0.4
385 silly idealTree      hawk@3.1.3
385 silly idealTree       boom@2.10.1
385 silly idealTree       cryptiles@2.0.5
385 silly idealTree       hoek@2.16.3
385 silly idealTree       sntp@1.0.9
385 silly idealTree      http-signature@1.1.1
385 silly idealTree       assert-plus@0.2.0
385 silly idealTree       jsprim@1.2.2
385 silly idealTree        extsprintf@1.0.2
385 silly idealTree        json-schema@0.2.2
385 silly idealTree        verror@1.3.6
385 silly idealTree       sshpk@1.8.3
385 silly idealTree         asn1@0.2.3
385 silly idealTree         assert-plus@1.0.0
385 silly idealTree         dashdash@1.13.1
385 silly idealTree         ecc-jsbn@0.1.1
385 silly idealTree         getpass@0.1.6
385 silly idealTree         jodid25519@1.0.2
385 silly idealTree         jsbn@0.1.0
385 silly idealTree         tweetnacl@0.13.3
385 silly idealTree      is-typedarray@1.0.0
385 silly idealTree      isstream@0.1.2
385 silly idealTree      json-stringify-safe@5.0.1
385 silly idealTree      mime-types@2.1.11
385 silly idealTree       mime-db@1.23.0
385 silly idealTree      node-uuid@1.4.7
385 silly idealTree      oauth-sign@0.8.2
385 silly idealTree      qs@5.2.0
385 silly idealTree      stringstream@0.0.5
385 silly idealTree      tough-cookie@2.2.2
385 silly idealTree      tunnel-agent@0.4.3
386 silly generateActionsToTake Starting
387 silly install generateActionsToTake
388 silly generateActionsToTake Finishing
389 silly diffTrees action count 6
390 silly diffTrees add color-convert@0.5.3
391 silly diffTrees add color-name@1.1.2
392 silly diffTrees add chartjs-color-string@0.4.0
393 silly diffTrees add chartjs-color@2.1.0
394 silly diffTrees add moment@2.18.1
395 silly diffTrees add chart.js@2.5.0
396 silly decomposeActions action count 48
397 silly decomposeActions fetch color-convert@0.5.3
398 silly decomposeActions extract color-convert@0.5.3
399 silly decomposeActions test color-convert@0.5.3
400 silly decomposeActions preinstall color-convert@0.5.3
401 silly decomposeActions build color-convert@0.5.3
402 silly decomposeActions install color-convert@0.5.3
403 silly decomposeActions postinstall color-convert@0.5.3
404 silly decomposeActions finalize color-convert@0.5.3
405 silly decomposeActions fetch color-name@1.1.2
406 silly decomposeActions extract color-name@1.1.2
407 silly decomposeActions test color-name@1.1.2
408 silly decomposeActions preinstall color-name@1.1.2
409 silly decomposeActions build color-name@1.1.2
410 silly decomposeActions install color-name@1.1.2
411 silly decomposeActions postinstall color-name@1.1.2
412 silly decomposeActions finalize color-name@1.1.2
413 silly decomposeActions fetch chartjs-color-string@0.4.0
414 silly decomposeActions extract chartjs-color-string@0.4.0
415 silly decomposeActions test chartjs-color-string@0.4.0
416 silly decomposeActions preinstall chartjs-color-string@0.4.0
417 silly decomposeActions build chartjs-color-string@0.4.0
418 silly decomposeActions install chartjs-color-string@0.4.0
419 silly decomposeActions postinstall chartjs-color-string@0.4.0
420 silly decomposeActions finalize chartjs-color-string@0.4.0
421 silly decomposeActions fetch chartjs-color@2.1.0
422 silly decomposeActions extract chartjs-color@2.1.0
423 silly decomposeActions test chartjs-color@2.1.0
424 silly decomposeActions preinstall chartjs-color@2.1.0
425 silly decomposeActions build chartjs-color@2.1.0
426 silly decomposeActions install chartjs-color@2.1.0
427 silly decomposeActions postinstall chartjs-color@2.1.0
428 silly decomposeActions finalize chartjs-color@2.1.0
429 silly decomposeActions fetch moment@2.18.1
430 silly decomposeActions extract moment@2.18.1
431 silly decomposeActions test moment@2.18.1
432 silly decomposeActions preinstall moment@2.18.1
433 silly decomposeActions build moment@2.18.1
434 silly decomposeActions install moment@2.18.1
435 silly decomposeActions postinstall moment@2.18.1
436 silly decomposeActions finalize moment@2.18.1
437 silly decomposeActions fetch chart.js@2.5.0
438 silly decomposeActions extract chart.js@2.5.0
439 silly decomposeActions test chart.js@2.5.0
440 silly decomposeActions preinstall chart.js@2.5.0
441 silly decomposeActions build chart.js@2.5.0
442 silly decomposeActions install chart.js@2.5.0
443 silly decomposeActions postinstall chart.js@2.5.0
444 silly decomposeActions finalize chart.js@2.5.0
445 silly runTopLevelLifecycles Starting
446 silly executeActions Starting
447 silly install executeActions
448 silly doSerial global-install 0
449 silly doParallel fetch 6
450 verbose correctMkdir /Users/Filip/.npm/_locks correctMkdir not in flight; initializing
451 warn locking Error: EACCES: permission denied, open '/Users/Filip/.npm/_locks/staging-513860ddeb6bdea3.lock'
451 warn locking  /Users/Filip/.npm/_locks/staging-513860ddeb6bdea3.lock failed { Error: EACCES: permission denied, open '/Users/Filip/.npm/_locks/staging-513860ddeb6bdea3.lock'
451 warn locking   errno: -13,
451 warn locking   code: 'EACCES',
451 warn locking   syscall: 'open',
451 warn locking   path: '/Users/Filip/.npm/_locks/staging-513860ddeb6bdea3.lock' }
452 silly rollbackFailedOptional Starting
453 silly rollbackFailedOptional Finishing
454 silly runTopLevelLifecycles Finishing
455 silly install printInstalled
456 warn enoent ENOENT: no such file or directory, open '/Users/Filip/google_drive/node_js/20170416_filipclaesson.se/live/package.json'
457 verbose enoent ENOENT: no such file or directory, open '/Users/Filip/google_drive/node_js/20170416_filipclaesson.se/live/package.json'
457 verbose enoent This is most likely not a problem with npm itself
457 verbose enoent and is related to npm not being able to find a file.
458 warn live No description
459 verbose If you need help, you may report this error at:
459 verbose     <https://github.com/npm/npm/issues>
460 warn live No repository field.
461 verbose If you need help, you may report this error at:
461 verbose     <https://github.com/npm/npm/issues>
462 warn live No README data
463 verbose If you need help, you may report this error at:
463 verbose     <https://github.com/npm/npm/issues>
464 warn live No license field.
465 verbose If you need help, you may report this error at:
465 verbose     <https://github.com/npm/npm/issues>
466 verbose stack Error: EACCES: permission denied, open '/Users/Filip/.npm/_locks/staging-513860ddeb6bdea3.lock'
467 verbose cwd /Users/Filip/google_drive/node_js/20170416_filipclaesson.se/live
468 error Darwin 15.3.0
469 error argv "/usr/local/bin/node" "/usr/local/bin/npm" "install" "chart.js" "--save"
470 error node v7.6.0
471 error npm  v4.1.2
472 error path /Users/Filip/.npm/_locks/staging-513860ddeb6bdea3.lock
473 error code EACCES
474 error errno -13
475 error syscall open
476 error Error: EACCES: permission denied, open '/Users/Filip/.npm/_locks/staging-513860ddeb6bdea3.lock'
476 error  { Error: EACCES: permission denied, open '/Users/Filip/.npm/_locks/staging-513860ddeb6bdea3.lock'
476 error   errno: -13,
476 error   code: 'EACCES',
476 error   syscall: 'open',
476 error   path: '/Users/Filip/.npm/_locks/staging-513860ddeb6bdea3.lock' }
477 error Please try running this command again as root/Administrator.
478 verbose exit [ -13, true ]
